app/build/intermediates/manifest_merge_blame_file/debug/manifest-merger-blame-debug-report.txt
1<?xml version="1.0" encoding="utf-8"?>
2<manifest xmlns:android="http://schemas.android.com/apk/res/android"
3    package="com.example.apptcc"
4    android:versionCode="1"
5    android:versionName="1.0" >
6
7    <uses-sdk
8        android:minSdkVersion="16"
8-->src\main\AndroidManifest.xml
9        android:targetSdkVersion="30" />
9-->src\main\AndroidManifest.xml
10
11    <uses-permission android:name="android.permission.ACCESS_NETWORK_STATE" />
11-->[com.firebaseui:firebase-ui-auth:7.2.0] AndroidManifest.xml:12:5-79
11-->[com.firebaseui:firebase-ui-auth:7.2.0] AndroidManifest.xml:12:22-76
12    <uses-permission android:name="android.permission.INTERNET" />
12-->[com.firebaseui:firebase-ui-auth:7.2.0] AndroidManifest.xml:13:5-67
12-->[com.firebaseui:firebase-ui-auth:7.2.0] AndroidManifest.xml:13:22-64
13    <uses-permission android:name="android.permission.WAKE_LOCK" />
13-->[com.google.android.gms:play-services-measurement-api:19.0.1] AndroidManifest.xml:24:5-68
13-->[com.google.android.gms:play-services-measurement-api:19.0.1] AndroidManifest.xml:24:22-65
14    <uses-permission android:name="com.google.android.finsky.permission.BIND_GET_INSTALL_REFERRER_SERVICE" />
14-->[com.google.android.gms:play-services-measurement:19.0.1] AndroidManifest.xml:26:5-110
14-->[com.google.android.gms:play-services-measurement:19.0.1] AndroidManifest.xml:26:22-107
15
16    <application
16-->src\main\AndroidManifest.xml:5:5-24:19
17        android:allowBackup="true"
17-->src\main\AndroidManifest.xml:6:9-35
18        android:appComponentFactory="androidx.core.app.CoreComponentFactory"
18-->[androidx.core:core:1.5.0] AndroidManifest.xml:24:18-86
19        android:debuggable="true"
20        android:icon="@mipmap/ic_launcher"
20-->src\main\AndroidManifest.xml:7:9-43
21        android:label="@string/app_name"
21-->src\main\AndroidManifest.xml:8:9-41
22        android:roundIcon="@mipmap/ic_launcher_round"
22-->src\main\AndroidManifest.xml:9:9-54
23        android:supportsRtl="true"
23-->src\main\AndroidManifest.xml:10:9-35
24        android:testOnly="true"
25        android:theme="@style/Apptheme.NoActionBar" >
25-->src\main\AndroidManifest.xml:11:9-52
26        <activity android:name="com.example.apptcc.Login" />
26-->src\main\AndroidManifest.xml:12:9-52
26-->src\main\AndroidManifest.xml:12:19-40
27        <activity android:name="com.example.apptcc.Register" />
27-->src\main\AndroidManifest.xml:13:9-46
27-->src\main\AndroidManifest.xml:13:19-43
28        <activity android:name="com.example.apptcc.MainActivity" >
28-->src\main\AndroidManifest.xml:14:9-20:20
28-->src\main\AndroidManifest.xml:14:19-47
29            <intent-filter>
29-->src\main\AndroidManifest.xml:15:13-19:29
30                <action android:name="android.intent.action.MAIN" />
30-->src\main\AndroidManifest.xml:16:17-69
30-->src\main\AndroidManifest.xml:16:25-66
31
32                <category android:name="android.intent.category.LAUNCHER" />
32-->src\main\AndroidManifest.xml:18:17-77
32-->src\main\AndroidManifest.xml:18:27-74
33            </intent-filter>
34        </activity>
35        <activity
35-->src\main\AndroidManifest.xml:21:9-23:59
36            android:name="com.example.apptcc.Pop"
36-->src\main\AndroidManifest.xml:22:13-32
37            android:theme="@style/Apptheme.NoActionBar" />
37-->src\main\AndroidManifest.xml:23:13-56
38
39        <meta-data
39-->[com.firebaseui:firebase-ui-auth:7.2.0] AndroidManifest.xml:16:9-18:69
40            android:name="com.google.android.gms.version"
40-->[com.firebaseui:firebase-ui-auth:7.2.0] AndroidManifest.xml:17:13-58
41            android:value="@integer/google_play_services_version" />
41-->[com.firebaseui:firebase-ui-auth:7.2.0] AndroidManifest.xml:18:13-66
42        <meta-data
42-->[com.firebaseui:firebase-ui-auth:7.2.0] AndroidManifest.xml:19:9-21:63
43            android:name="com.facebook.sdk.ApplicationId"
43-->[com.firebaseui:firebase-ui-auth:7.2.0] AndroidManifest.xml:20:13-58
44            android:value="@string/facebook_application_id" />
44-->[com.firebaseui:firebase-ui-auth:7.2.0] AndroidManifest.xml:21:13-60
45
46        <activity
46-->[com.firebaseui:firebase-ui-auth:7.2.0] AndroidManifest.xml:23:9-27:61
47            android:name="com.firebase.ui.auth.KickoffActivity"
47-->[com.firebaseui:firebase-ui-auth:7.2.0] AndroidManifest.xml:24:13-64
48            android:exported="false"
48-->[com.firebaseui:firebase-ui-auth:7.2.0] AndroidManifest.xml:25:13-37
49            android:label=""
49-->[com.firebaseui:firebase-ui-auth:7.2.0] AndroidManifest.xml:26:13-29
50            android:theme="@style/FirebaseUI.Transparent" />
50-->[com.firebaseui:firebase-ui-auth:7.2.0] AndroidManifest.xml:27:13-58
51        <activity
51-->[com.firebaseui:firebase-ui-auth:7.2.0] AndroidManifest.xml:28:9-32:61
52            android:name="com.firebase.ui.auth.ui.idp.SingleSignInActivity"
52-->[com.firebaseui:firebase-ui-auth:7.2.0] AndroidManifest.xml:29:13-76
53            android:exported="false"
53-->[com.firebaseui:firebase-ui-auth:7.2.0] AndroidManifest.xml:30:13-37
54            android:label=""
54-->[com.firebaseui:firebase-ui-auth:7.2.0] AndroidManifest.xml:31:13-29
55            android:theme="@style/FirebaseUI.Transparent" />
55-->[com.firebaseui:firebase-ui-auth:7.2.0] AndroidManifest.xml:32:13-58
56        <activity
56-->[com.firebaseui:firebase-ui-auth:7.2.0] AndroidManifest.xml:33:9-37:61
57            android:name="com.firebase.ui.auth.ui.credentials.CredentialSaveActivity"
57-->[com.firebaseui:firebase-ui-auth:7.2.0] AndroidManifest.xml:34:13-86
58            android:exported="false"
58-->[com.firebaseui:firebase-ui-auth:7.2.0] AndroidManifest.xml:35:13-37
59            android:label=""
59-->[com.firebaseui:firebase-ui-auth:7.2.0] AndroidManifest.xml:36:13-29
60            android:theme="@style/FirebaseUI.Transparent" />
60-->[com.firebaseui:firebase-ui-auth:7.2.0] AndroidManifest.xml:37:13-58
61        <activity
61-->[com.firebaseui:firebase-ui-auth:7.2.0] AndroidManifest.xml:38:9-42:58
62            android:name="com.firebase.ui.auth.ui.email.RecoverPasswordActivity"
62-->[com.firebaseui:firebase-ui-auth:7.2.0] AndroidManifest.xml:39:13-81
63            android:exported="false"
63-->[com.firebaseui:firebase-ui-auth:7.2.0] AndroidManifest.xml:40:13-37
64            android:label="@string/fui_title_recover_password_activity"
64-->[com.firebaseui:firebase-ui-auth:7.2.0] AndroidManifest.xml:41:13-72
65            android:windowSoftInputMode="adjustResize" />
65-->[com.firebaseui:firebase-ui-auth:7.2.0] AndroidManifest.xml:42:13-55
66        <activity
66-->[com.firebaseui:firebase-ui-auth:7.2.0] AndroidManifest.xml:43:9-47:58
67            android:name="com.firebase.ui.auth.ui.email.EmailActivity"
67-->[com.firebaseui:firebase-ui-auth:7.2.0] AndroidManifest.xml:44:13-71
68            android:exported="false"
68-->[com.firebaseui:firebase-ui-auth:7.2.0] AndroidManifest.xml:45:13-37
69            android:label="@string/fui_sign_in_default"
69-->[com.firebaseui:firebase-ui-auth:7.2.0] AndroidManifest.xml:46:13-56
70            android:windowSoftInputMode="adjustResize" />
70-->[com.firebaseui:firebase-ui-auth:7.2.0] AndroidManifest.xml:47:13-55
71        <activity
71-->[com.firebaseui:firebase-ui-auth:7.2.0] AndroidManifest.xml:48:9-52:77
72            android:name="com.firebase.ui.auth.ui.phone.PhoneActivity"
72-->[com.firebaseui:firebase-ui-auth:7.2.0] AndroidManifest.xml:49:13-71
73            android:exported="false"
73-->[com.firebaseui:firebase-ui-auth:7.2.0] AndroidManifest.xml:50:13-37
74            android:label="@string/fui_sign_in_with_phone_number"
74-->[com.firebaseui:firebase-ui-auth:7.2.0] AndroidManifest.xml:51:13-66
75            android:windowSoftInputMode="adjustResize|stateAlwaysVisible" />
75-->[com.firebaseui:firebase-ui-auth:7.2.0] AndroidManifest.xml:52:13-74
76        <activity
76-->[com.firebaseui:firebase-ui-auth:7.2.0] AndroidManifest.xml:53:9-57:58
77            android:name="com.firebase.ui.auth.ui.idp.WelcomeBackIdpPrompt"
77-->[com.firebaseui:firebase-ui-auth:7.2.0] AndroidManifest.xml:54:13-76
78            android:exported="false"
78-->[com.firebaseui:firebase-ui-auth:7.2.0] AndroidManifest.xml:55:13-37
79            android:label="@string/fui_title_welcome_back_idp_prompt"
79-->[com.firebaseui:firebase-ui-auth:7.2.0] AndroidManifest.xml:56:13-70
80            android:windowSoftInputMode="adjustResize" />
80-->[com.firebaseui:firebase-ui-auth:7.2.0] AndroidManifest.xml:57:13-55
81        <activity
81-->[com.firebaseui:firebase-ui-auth:7.2.0] AndroidManifest.xml:58:9-62:58
82            android:name="com.firebase.ui.auth.ui.email.WelcomeBackPasswordPrompt"
82-->[com.firebaseui:firebase-ui-auth:7.2.0] AndroidManifest.xml:59:13-83
83            android:exported="false"
83-->[com.firebaseui:firebase-ui-auth:7.2.0] AndroidManifest.xml:60:13-37
84            android:label="@string/fui_title_welcome_back_password_prompt"
84-->[com.firebaseui:firebase-ui-auth:7.2.0] AndroidManifest.xml:61:13-75
85            android:windowSoftInputMode="adjustResize" />
85-->[com.firebaseui:firebase-ui-auth:7.2.0] AndroidManifest.xml:62:13-55
86        <activity
86-->[com.firebaseui:firebase-ui-auth:7.2.0] AndroidManifest.xml:63:9-67:58
87            android:name="com.firebase.ui.auth.ui.email.WelcomeBackEmailLinkPrompt"
87-->[com.firebaseui:firebase-ui-auth:7.2.0] AndroidManifest.xml:64:13-84
88            android:exported="false"
88-->[com.firebaseui:firebase-ui-auth:7.2.0] AndroidManifest.xml:65:13-37
89            android:label="@string/fui_title_welcome_back_password_prompt"
89-->[com.firebaseui:firebase-ui-auth:7.2.0] AndroidManifest.xml:66:13-75
90            android:windowSoftInputMode="adjustResize" />
90-->[com.firebaseui:firebase-ui-auth:7.2.0] AndroidManifest.xml:67:13-55
91        <activity
91-->[com.firebaseui:firebase-ui-auth:7.2.0] AndroidManifest.xml:68:9-73:58
92            android:name="com.firebase.ui.auth.ui.email.EmailLinkCatcherActivity"
92-->[com.firebaseui:firebase-ui-auth:7.2.0] AndroidManifest.xml:69:13-82
93            android:exported="false"
93-->[com.firebaseui:firebase-ui-auth:7.2.0] AndroidManifest.xml:70:13-37
94            android:label=""
94-->[com.firebaseui:firebase-ui-auth:7.2.0] AndroidManifest.xml:71:13-29
95            android:theme="@style/FirebaseUI.Transparent"
95-->[com.firebaseui:firebase-ui-auth:7.2.0] AndroidManifest.xml:72:13-58
96            android:windowSoftInputMode="adjustResize" />
96-->[com.firebaseui:firebase-ui-auth:7.2.0] AndroidManifest.xml:73:13-55
97        <activity
97-->[com.firebaseui:firebase-ui-auth:7.2.0] AndroidManifest.xml:74:9-78:58
98            android:name="com.firebase.ui.auth.ui.email.EmailLinkErrorRecoveryActivity"
98-->[com.firebaseui:firebase-ui-auth:7.2.0] AndroidManifest.xml:75:13-88
99            android:exported="false"
99-->[com.firebaseui:firebase-ui-auth:7.2.0] AndroidManifest.xml:76:13-37
100            android:label="@string/fui_sign_in_default"
100-->[com.firebaseui:firebase-ui-auth:7.2.0] AndroidManifest.xml:77:13-56
101            android:windowSoftInputMode="adjustResize" />
101-->[com.firebaseui:firebase-ui-auth:7.2.0] AndroidManifest.xml:78:13-55
102        <activity
102-->[com.firebaseui:firebase-ui-auth:7.2.0] AndroidManifest.xml:79:9-82:65
103            android:name="com.firebase.ui.auth.ui.idp.AuthMethodPickerActivity"
103-->[com.firebaseui:firebase-ui-auth:7.2.0] AndroidManifest.xml:80:13-80
104            android:exported="false"
104-->[com.firebaseui:firebase-ui-auth:7.2.0] AndroidManifest.xml:81:13-37
105            android:label="@string/fui_default_toolbar_title" />
105-->[com.firebaseui:firebase-ui-auth:7.2.0] AndroidManifest.xml:82:13-62
106        <activity
106-->[com.firebaseui:firebase-ui-auth:7.2.0] AndroidManifest.xml:83:9-87:48
107            android:name="com.facebook.FacebookActivity"
107-->[com.firebaseui:firebase-ui-auth:7.2.0] AndroidManifest.xml:84:13-57
108            android:configChanges="keyboard|keyboardHidden|screenLayout|screenSize|orientation"
108-->[com.firebaseui:firebase-ui-auth:7.2.0] AndroidManifest.xml:85:13-96
109            android:label="@string/app_name" />
109-->[com.firebaseui:firebase-ui-auth:7.2.0] AndroidManifest.xml:86:13-45
110        <activity
110-->[com.firebaseui:firebase-ui-auth:7.2.0] AndroidManifest.xml:88:9-100:20
111            android:name="com.facebook.CustomTabActivity"
111-->[com.firebaseui:firebase-ui-auth:7.2.0] AndroidManifest.xml:89:13-58
112            android:exported="true" >
112-->[com.firebaseui:firebase-ui-auth:7.2.0] AndroidManifest.xml:90:13-36
113            <intent-filter>
113-->[com.firebaseui:firebase-ui-auth:7.2.0] AndroidManifest.xml:92:13-99:29
114                <action android:name="android.intent.action.VIEW" />
114-->[com.firebaseui:firebase-ui-auth:7.2.0] AndroidManifest.xml:93:17-69
114-->[com.firebaseui:firebase-ui-auth:7.2.0] AndroidManifest.xml:93:25-66
115
116                <category android:name="android.intent.category.DEFAULT" />
116-->[com.firebaseui:firebase-ui-auth:7.2.0] AndroidManifest.xml:95:17-76
116-->[com.firebaseui:firebase-ui-auth:7.2.0] AndroidManifest.xml:95:27-73
117                <category android:name="android.intent.category.BROWSABLE" />
117-->[com.firebaseui:firebase-ui-auth:7.2.0] AndroidManifest.xml:96:17-78
117-->[com.firebaseui:firebase-ui-auth:7.2.0] AndroidManifest.xml:96:27-75
118
119                <data android:scheme="@string/facebook_login_protocol_scheme" />
119-->[com.firebaseui:firebase-ui-auth:7.2.0] AndroidManifest.xml:98:17-81
119-->[com.firebaseui:firebase-ui-auth:7.2.0] AndroidManifest.xml:98:23-78
120            </intent-filter>
121        </activity>
122
123        <provider
123-->[com.firebaseui:firebase-ui-auth:7.2.0] AndroidManifest.xml:102:9-106:38
124            android:name="com.firebase.ui.auth.data.client.AuthUiInitProvider"
124-->[com.firebaseui:firebase-ui-auth:7.2.0] AndroidManifest.xml:103:13-79
125            android:authorities="com.example.apptcc.authuiinitprovider"
125-->[com.firebaseui:firebase-ui-auth:7.2.0] AndroidManifest.xml:104:13-70
126            android:exported="false"
126-->[com.firebaseui:firebase-ui-auth:7.2.0] AndroidManifest.xml:105:13-37
127            android:initOrder="90" />
127-->[com.firebaseui:firebase-ui-auth:7.2.0] AndroidManifest.xml:106:13-35
128
129        <activity
129-->[com.google.firebase:firebase-auth:21.0.1] AndroidManifest.xml:27:9-44:20
130            android:name="com.google.firebase.auth.internal.GenericIdpActivity"
130-->[com.google.firebase:firebase-auth:21.0.1] AndroidManifest.xml:28:13-80
131            android:excludeFromRecents="true"
131-->[com.google.firebase:firebase-auth:21.0.1] AndroidManifest.xml:29:13-46
132            android:exported="true"
132-->[com.google.firebase:firebase-auth:21.0.1] AndroidManifest.xml:30:13-36
133            android:launchMode="singleTask"
133-->[com.google.firebase:firebase-auth:21.0.1] AndroidManifest.xml:31:13-44
134            android:theme="@android:style/Theme.Translucent.NoTitleBar" >
134-->[com.google.firebase:firebase-auth:21.0.1] AndroidManifest.xml:32:13-72
135            <intent-filter>
135-->[com.google.firebase:firebase-auth:21.0.1] AndroidManifest.xml:33:13-43:29
136                <action android:name="android.intent.action.VIEW" />
136-->[com.firebaseui:firebase-ui-auth:7.2.0] AndroidManifest.xml:93:17-69
136-->[com.firebaseui:firebase-ui-auth:7.2.0] AndroidManifest.xml:93:25-66
137
138                <category android:name="android.intent.category.DEFAULT" />
138-->[com.firebaseui:firebase-ui-auth:7.2.0] AndroidManifest.xml:95:17-76
138-->[com.firebaseui:firebase-ui-auth:7.2.0] AndroidManifest.xml:95:27-73
139                <category android:name="android.intent.category.BROWSABLE" />
139-->[com.firebaseui:firebase-ui-auth:7.2.0] AndroidManifest.xml:96:17-78
139-->[com.firebaseui:firebase-ui-auth:7.2.0] AndroidManifest.xml:96:27-75
140
141                <data
141-->[com.firebaseui:firebase-ui-auth:7.2.0] AndroidManifest.xml:98:17-81
142                    android:host="firebase.auth"
143                    android:path="/"
144                    android:scheme="genericidp" />
144-->[com.firebaseui:firebase-ui-auth:7.2.0] AndroidManifest.xml:98:23-78
145            </intent-filter>
146        </activity>
147        <activity
147-->[com.google.firebase:firebase-auth:21.0.1] AndroidManifest.xml:45:9-62:20
148            android:name="com.google.firebase.auth.internal.RecaptchaActivity"
148-->[com.google.firebase:firebase-auth:21.0.1] AndroidManifest.xml:46:13-79
149            android:excludeFromRecents="true"
149-->[com.google.firebase:firebase-auth:21.0.1] AndroidManifest.xml:47:13-46
150            android:exported="true"
150-->[com.google.firebase:firebase-auth:21.0.1] AndroidManifest.xml:48:13-36
151            android:launchMode="singleTask"
151-->[com.google.firebase:firebase-auth:21.0.1] AndroidManifest.xml:49:13-44
152            android:theme="@android:style/Theme.Translucent.NoTitleBar" >
152-->[com.google.firebase:firebase-auth:21.0.1] AndroidManifest.xml:50:13-72
153            <intent-filter>
153-->[com.google.firebase:firebase-auth:21.0.1] AndroidManifest.xml:51:13-61:29
154                <action android:name="android.intent.action.VIEW" />
154-->[com.firebaseui:firebase-ui-auth:7.2.0] AndroidManifest.xml:93:17-69
154-->[com.firebaseui:firebase-ui-auth:7.2.0] AndroidManifest.xml:93:25-66
155
156                <category android:name="android.intent.category.DEFAULT" />
156-->[com.firebaseui:firebase-ui-auth:7.2.0] AndroidManifest.xml:95:17-76
156-->[com.firebaseui:firebase-ui-auth:7.2.0] AndroidManifest.xml:95:27-73
157                <category android:name="android.intent.category.BROWSABLE" />
157-->[com.firebaseui:firebase-ui-auth:7.2.0] AndroidManifest.xml:96:17-78
157-->[com.firebaseui:firebase-ui-auth:7.2.0] AndroidManifest.xml:96:27-75
158
159                <data
159-->[com.firebaseui:firebase-ui-auth:7.2.0] AndroidManifest.xml:98:17-81
160                    android:host="firebase.auth"
161                    android:path="/"
162                    android:scheme="recaptcha" />
162-->[com.firebaseui:firebase-ui-auth:7.2.0] AndroidManifest.xml:98:23-78
163            </intent-filter>
164        </activity>
165
166        <service
166-->[com.google.firebase:firebase-auth:21.0.1] AndroidManifest.xml:64:9-73:19
167            android:name="com.google.firebase.auth.api.fallback.service.FirebaseAuthFallbackService"
167-->[com.google.firebase:firebase-auth:21.0.1] AndroidManifest.xml:65:13-101
168            android:enabled="true"
168-->[com.google.firebase:firebase-auth:21.0.1] AndroidManifest.xml:66:13-35
169            android:exported="false" >
169-->[com.google.firebase:firebase-auth:21.0.1] AndroidManifest.xml:67:13-37
170            <intent-filter>
170-->[com.google.firebase:firebase-auth:21.0.1] AndroidManifest.xml:68:13-72:29
171                <action android:name="com.google.firebase.auth.api.gms.service.START" />
171-->[com.google.firebase:firebase-auth:21.0.1] AndroidManifest.xml:69:17-89
171-->[com.google.firebase:firebase-auth:21.0.1] AndroidManifest.xml:69:25-86
172
173                <category android:name="android.intent.category.DEFAULT" />
173-->[com.firebaseui:firebase-ui-auth:7.2.0] AndroidManifest.xml:95:17-76
173-->[com.firebaseui:firebase-ui-auth:7.2.0] AndroidManifest.xml:95:27-73
174            </intent-filter>
175        </service>
176        <service
176-->[com.google.firebase:firebase-auth:21.0.1] AndroidManifest.xml:74:9-80:19
177            android:name="com.google.firebase.components.ComponentDiscoveryService"
177-->[com.google.firebase:firebase-auth:21.0.1] AndroidManifest.xml:75:13-84
178            android:directBootAware="true"
178-->[com.google.firebase:firebase-common:20.0.0] AndroidManifest.xml:35:13-43
179            android:exported="false" >
179-->[com.google.firebase:firebase-auth:21.0.1] AndroidManifest.xml:76:13-37
180            <meta-data
180-->[com.google.firebase:firebase-auth:21.0.1] AndroidManifest.xml:77:13-79:85
181                android:name="com.google.firebase.components:com.google.firebase.auth.FirebaseAuthRegistrar"
181-->[com.google.firebase:firebase-auth:21.0.1] AndroidManifest.xml:78:17-109
182                android:value="com.google.firebase.components.ComponentRegistrar" />
182-->[com.google.firebase:firebase-auth:21.0.1] AndroidManifest.xml:79:17-82
183            <meta-data
183-->[com.google.android.gms:play-services-measurement-api:19.0.1] AndroidManifest.xml:30:13-32:85
184                android:name="com.google.firebase.components:com.google.firebase.analytics.connector.internal.AnalyticsConnectorRegistrar"
184-->[com.google.android.gms:play-services-measurement-api:19.0.1] AndroidManifest.xml:31:17-139
185                android:value="com.google.firebase.components.ComponentRegistrar" />
185-->[com.google.android.gms:play-services-measurement-api:19.0.1] AndroidManifest.xml:32:17-82
186            <meta-data
186-->[com.google.firebase:firebase-installations:17.0.0] AndroidManifest.xml:18:13-20:85
187                android:name="com.google.firebase.components:com.google.firebase.installations.FirebaseInstallationsRegistrar"
187-->[com.google.firebase:firebase-installations:17.0.0] AndroidManifest.xml:19:17-127
188                android:value="com.google.firebase.components.ComponentRegistrar" />
188-->[com.google.firebase:firebase-installations:17.0.0] AndroidManifest.xml:20:17-82
189        </service>
190
191        <provider
191-->[com.google.firebase:firebase-common:20.0.0] AndroidManifest.xml:26:9-31:39
192            android:name="com.google.firebase.provider.FirebaseInitProvider"
192-->[com.google.firebase:firebase-common:20.0.0] AndroidManifest.xml:27:13-77
193            android:authorities="com.example.apptcc.firebaseinitprovider"
193-->[com.google.firebase:firebase-common:20.0.0] AndroidManifest.xml:28:13-72
194            android:directBootAware="true"
194-->[com.google.firebase:firebase-common:20.0.0] AndroidManifest.xml:29:13-43
195            android:exported="false"
195-->[com.google.firebase:firebase-common:20.0.0] AndroidManifest.xml:30:13-37
196            android:initOrder="100" />
196-->[com.google.firebase:firebase-common:20.0.0] AndroidManifest.xml:31:13-36
197
198        <activity
198-->[com.google.android.gms:play-services-auth:19.0.0] AndroidManifest.xml:23:9-27:75
199            android:name="com.google.android.gms.auth.api.signin.internal.SignInHubActivity"
199-->[com.google.android.gms:play-services-auth:19.0.0] AndroidManifest.xml:24:13-93
200            android:excludeFromRecents="true"
200-->[com.google.android.gms:play-services-auth:19.0.0] AndroidManifest.xml:25:13-46
201            android:exported="false"
201-->[com.google.android.gms:play-services-auth:19.0.0] AndroidManifest.xml:26:13-37
202            android:theme="@android:style/Theme.Translucent.NoTitleBar" />
202-->[com.google.android.gms:play-services-auth:19.0.0] AndroidManifest.xml:27:13-72
203        <!--
204            Service handling Google Sign-In user revocation. For apps that do not integrate with
205            Google Sign-In, this service will never be started.
206        -->
207        <service
207-->[com.google.android.gms:play-services-auth:19.0.0] AndroidManifest.xml:33:9-37:51
208            android:name="com.google.android.gms.auth.api.signin.RevocationBoundService"
208-->[com.google.android.gms:play-services-auth:19.0.0] AndroidManifest.xml:34:13-89
209            android:exported="true"
209-->[com.google.android.gms:play-services-auth:19.0.0] AndroidManifest.xml:35:13-36
210            android:permission="com.google.android.gms.auth.api.signin.permission.REVOCATION_NOTIFICATION"
210-->[com.google.android.gms:play-services-auth:19.0.0] AndroidManifest.xml:36:13-107
211            android:visibleToInstantApps="true" />
211-->[com.google.android.gms:play-services-auth:19.0.0] AndroidManifest.xml:37:13-48
212
213        <activity
213-->[com.google.android.gms:play-services-base:17.1.0] AndroidManifest.xml:23:9-26:75
214            android:name="com.google.android.gms.common.api.GoogleApiActivity"
214-->[com.google.android.gms:play-services-base:17.1.0] AndroidManifest.xml:24:13-79
215            android:exported="false"
215-->[com.google.android.gms:play-services-base:17.1.0] AndroidManifest.xml:25:13-37
216            android:theme="@android:style/Theme.Translucent.NoTitleBar" />
216-->[com.google.android.gms:play-services-base:17.1.0] AndroidManifest.xml:26:13-72
217
218        <receiver
218-->[com.google.android.gms:play-services-measurement:19.0.1] AndroidManifest.xml:29:9-33:20
219            android:name="com.google.android.gms.measurement.AppMeasurementReceiver"
219-->[com.google.android.gms:play-services-measurement:19.0.1] AndroidManifest.xml:30:13-85
220            android:enabled="true"
220-->[com.google.android.gms:play-services-measurement:19.0.1] AndroidManifest.xml:31:13-35
221            android:exported="false" >
221-->[com.google.android.gms:play-services-measurement:19.0.1] AndroidManifest.xml:32:13-37
222        </receiver>
223
224        <service
224-->[com.google.android.gms:play-services-measurement:19.0.1] AndroidManifest.xml:35:9-38:40
225            android:name="com.google.android.gms.measurement.AppMeasurementService"
225-->[com.google.android.gms:play-services-measurement:19.0.1] AndroidManifest.xml:36:13-84
226            android:enabled="true"
226-->[com.google.android.gms:play-services-measurement:19.0.1] AndroidManifest.xml:37:13-35
227            android:exported="false" />
227-->[com.google.android.gms:play-services-measurement:19.0.1] AndroidManifest.xml:38:13-37
228        <service
228-->[com.google.android.gms:play-services-measurement:19.0.1] AndroidManifest.xml:39:9-43:72
229            android:name="com.google.android.gms.measurement.AppMeasurementJobService"
229-->[com.google.android.gms:play-services-measurement:19.0.1] AndroidManifest.xml:40:13-87
230            android:enabled="true"
230-->[com.google.android.gms:play-services-measurement:19.0.1] AndroidManifest.xml:41:13-35
231            android:exported="false"
231-->[com.google.android.gms:play-services-measurement:19.0.1] AndroidManifest.xml:42:13-37
232            android:permission="android.permission.BIND_JOB_SERVICE" />
232-->[com.google.android.gms:play-services-measurement:19.0.1] AndroidManifest.xml:43:13-69
233
234        <provider
234-->[androidx.lifecycle:lifecycle-process:2.2.0] AndroidManifest.xml:25:9-29:43
235            android:name="androidx.lifecycle.ProcessLifecycleOwnerInitializer"
235-->[androidx.lifecycle:lifecycle-process:2.2.0] AndroidManifest.xml:26:13-79
236            android:authorities="com.example.apptcc.lifecycle-process"
236-->[androidx.lifecycle:lifecycle-process:2.2.0] AndroidManifest.xml:27:13-69
237            android:exported="false"
237-->[androidx.lifecycle:lifecycle-process:2.2.0] AndroidManifest.xml:28:13-37
238            android:multiprocess="true" />
238-->[androidx.lifecycle:lifecycle-process:2.2.0] AndroidManifest.xml:29:13-40
239    </application>
240
241</manifest>